Number of GPU Threads: 1 host stealing is set to: 0
SSW GPU-CPU DRIVER STARTED w/1 threads!
Mem (bytes) avail on device 0:16945512448
Mem (bytes) using on device 0:8.47276e+09
Total Alignments:3000000 | Max Reference Size:579 | Max Query Size:150
Total Execution Time: 5.06686 seconds
Work Stolen:     0 == 0%
Number of GPU Threads: 1 host stealing is set to: 0
SSW GPU-CPU DRIVER STARTED w/1 threads!
Mem (bytes) avail on device 0:16945512448
Mem (bytes) using on device 0:8.47276e+09
Total Alignments:6000000 | Max Reference Size:579 | Max Query Size:150
Total Execution Time: 10.1789 seconds
Work Stolen:     0 == 0%
Number of GPU Threads: 1 host stealing is set to: 0
SSW GPU-CPU DRIVER STARTED w/1 threads!
Mem (bytes) avail on device 0:16945512448
Mem (bytes) using on device 0:8.47276e+09
Total Alignments:9000000 | Max Reference Size:579 | Max Query Size:150
Total Execution Time: 15.0157 seconds
Work Stolen:     0 == 0%
Number of GPU Threads: 1 host stealing is set to: 0
SSW GPU-CPU DRIVER STARTED w/1 threads!
Mem (bytes) avail on device 0:16945512448
Mem (bytes) using on device 0:8.47276e+09
Total Alignments:12000000 | Max Reference Size:579 | Max Query Size:150
Total Execution Time: 20.3067 seconds
Work Stolen:     0 == 0%
Number of GPU Threads: 1 host stealing is set to: 0
SSW GPU-CPU DRIVER STARTED w/1 threads!
Mem (bytes) avail on device 0:16945512448
Mem (bytes) using on device 0:8.47276e+09
Total Alignments:15000000 | Max Reference Size:579 | Max Query Size:150
Total Execution Time: 25.1555 seconds
Work Stolen:     0 == 0%
Number of GPU Threads: 1 host stealing is set to: 0
SSW GPU-CPU DRIVER STARTED w/1 threads!
Mem (bytes) avail on device 0:16945512448
Mem (bytes) using on device 0:8.47276e+09
Total Alignments:18000000 | Max Reference Size:579 | Max Query Size:150
Total Execution Time: 30.2138 seconds
Work Stolen:     0 == 0%
Number of GPU Threads: 1 host stealing is set to: 0
SSW GPU-CPU DRIVER STARTED w/1 threads!
Mem (bytes) avail on device 0:16945512448
Mem (bytes) using on device 0:8.47276e+09
Total Alignments:21000000 | Max Reference Size:579 | Max Query Size:150
Total Execution Time: 35.407 seconds
Work Stolen:     0 == 0%
Number of GPU Threads: 1 host stealing is set to: 0
SSW GPU-CPU DRIVER STARTED w/1 threads!
Mem (bytes) avail on device 0:16945512448
Mem (bytes) using on device 0:8.47276e+09
Total Alignments:24000000 | Max Reference Size:579 | Max Query Size:150
Total Execution Time: 40.3856 seconds
Work Stolen:     0 == 0%
Number of GPU Threads: 1 host stealing is set to: 0
SSW GPU-CPU DRIVER STARTED w/1 threads!
Mem (bytes) avail on device 0:16945512448
Mem (bytes) using on device 0:8.47276e+09
Total Alignments:27000000 | Max Reference Size:579 | Max Query Size:150
Total Execution Time: 45.3021 seconds
Work Stolen:     0 == 0%
Number of GPU Threads: 1 host stealing is set to: 0
SSW GPU-CPU DRIVER STARTED w/1 threads!
Mem (bytes) avail on device 0:16945512448
Mem (bytes) using on device 0:8.47276e+09
Total Alignments:30000000 | Max Reference Size:579 | Max Query Size:150
Total Execution Time: 50.4705 seconds
Work Stolen:     0 == 0%
