Number of GPU Threads: 1 host stealing is set to: 1
SSW GPU-CPU DRIVER STARTED w/4 threads!
Mem (bytes) avail on device 0:16945512448
Mem (bytes) using on device 0:8.47276e+09
Total Alignments:30000 | Max Reference Size:579 | Max Query Size:150
Total Execution Time: 0.074941 seconds
Work Stolen:     1012 == 3%
Number of GPU Threads: 1 host stealing is set to: 1
SSW GPU-CPU DRIVER STARTED w/4 threads!
Mem (bytes) avail on device 0:16945512448
Mem (bytes) using on device 0:8.47276e+09
Total Alignments:300000 | Max Reference Size:579 | Max Query Size:150
Total Execution Time: 0.53552 seconds
Work Stolen:     8770 == 3%
Number of GPU Threads: 1 host stealing is set to: 1
SSW GPU-CPU DRIVER STARTED w/4 threads!
Mem (bytes) avail on device 0:16945512448
Mem (bytes) using on device 0:8.47276e+09
Total Alignments:600000 | Max Reference Size:579 | Max Query Size:150
Total Execution Time: 1.01508 seconds
Work Stolen:     17301 == 3%
Number of GPU Threads: 1 host stealing is set to: 1
SSW GPU-CPU DRIVER STARTED w/4 threads!
Mem (bytes) avail on device 0:16945512448
Mem (bytes) using on device 0:8.47276e+09
Total Alignments:900000 | Max Reference Size:579 | Max Query Size:150
Total Execution Time: 1.49717 seconds
Work Stolen:     25538 == 3%
Number of GPU Threads: 1 host stealing is set to: 1
SSW GPU-CPU DRIVER STARTED w/4 threads!
Mem (bytes) avail on device 0:16945512448
Mem (bytes) using on device 0:8.47276e+09
Total Alignments:1200000 | Max Reference Size:579 | Max Query Size:150
Total Execution Time: 1.99185 seconds
Work Stolen:     34253 == 3%
Number of GPU Threads: 1 host stealing is set to: 1
SSW GPU-CPU DRIVER STARTED w/4 threads!
Mem (bytes) avail on device 0:16945512448
Mem (bytes) using on device 0:8.47276e+09
Total Alignments:1500000 | Max Reference Size:579 | Max Query Size:150
Total Execution Time: 2.51909 seconds
Work Stolen:     43163 == 3%
Number of GPU Threads: 1 host stealing is set to: 1
SSW GPU-CPU DRIVER STARTED w/4 threads!
Mem (bytes) avail on device 0:16945512448
Mem (bytes) using on device 0:8.47276e+09
Total Alignments:1800000 | Max Reference Size:579 | Max Query Size:150
Total Execution Time: 2.97771 seconds
Work Stolen:     50862 == 3%
Number of GPU Threads: 1 host stealing is set to: 1
SSW GPU-CPU DRIVER STARTED w/4 threads!
Mem (bytes) avail on device 0:16945512448
Mem (bytes) using on device 0:8.47276e+09
Total Alignments:2100000 | Max Reference Size:579 | Max Query Size:150
Total Execution Time: 3.49063 seconds
Work Stolen:     60000 == 3%
Number of GPU Threads: 1 host stealing is set to: 1
SSW GPU-CPU DRIVER STARTED w/4 threads!
Mem (bytes) avail on device 0:16945512448
Mem (bytes) using on device 0:8.47276e+09
Total Alignments:2400000 | Max Reference Size:579 | Max Query Size:150
Total Execution Time: 4.02212 seconds
Work Stolen:     66091 == 3%
Number of GPU Threads: 1 host stealing is set to: 1
SSW GPU-CPU DRIVER STARTED w/4 threads!
Mem (bytes) avail on device 0:16945512448
Mem (bytes) using on device 0:8.47276e+09
Total Alignments:2700000 | Max Reference Size:579 | Max Query Size:150
Total Execution Time: 4.50169 seconds
Work Stolen:     76704 == 3%
Number of GPU Threads: 1 host stealing is set to: 1
SSW GPU-CPU DRIVER STARTED w/4 threads!
Mem (bytes) avail on device 0:16945512448
Mem (bytes) using on device 0:8.47276e+09
Total Alignments:3000000 | Max Reference Size:579 | Max Query Size:150
Total Execution Time: 4.96019 seconds
Work Stolen:     85302 == 3%
