Number of GPU Threads: 1 host stealing is set to: 1
SSW GPU-CPU DRIVER STARTED w/1 threads!
Mem (bytes) avail on device 0:16945512448
Mem (bytes) using on device 0:8.47276e+09
Total Alignments:3000000 | Max Reference Size:579 | Max Query Size:150
Total Execution Time: 5.04633 seconds
Work Stolen:     19821 == 1%
Number of GPU Threads: 1 host stealing is set to: 1
SSW GPU-CPU DRIVER STARTED w/1 threads!
Mem (bytes) avail on device 0:16945512448
Mem (bytes) using on device 0:8.47276e+09
Total Alignments:6000000 | Max Reference Size:579 | Max Query Size:150
Total Execution Time: 10.1085 seconds
Work Stolen:     38966 == 1%
Number of GPU Threads: 1 host stealing is set to: 1
SSW GPU-CPU DRIVER STARTED w/1 threads!
Mem (bytes) avail on device 0:16945512448
Mem (bytes) using on device 0:8.47276e+09
Total Alignments:9000000 | Max Reference Size:579 | Max Query Size:150
Total Execution Time: 15.0835 seconds
Work Stolen:     59014 == 1%
Number of GPU Threads: 1 host stealing is set to: 1
SSW GPU-CPU DRIVER STARTED w/1 threads!
Mem (bytes) avail on device 0:16945512448
Mem (bytes) using on device 0:8.47276e+09
Total Alignments:12000000 | Max Reference Size:579 | Max Query Size:150
Total Execution Time: 20.1994 seconds
Work Stolen:     77842 == 1%
Number of GPU Threads: 1 host stealing is set to: 1
SSW GPU-CPU DRIVER STARTED w/1 threads!
Mem (bytes) avail on device 0:16945512448
Mem (bytes) using on device 0:8.47276e+09
Total Alignments:15000000 | Max Reference Size:579 | Max Query Size:150
Total Execution Time: 25.2653 seconds
Work Stolen:     97448 == 1%
Number of GPU Threads: 1 host stealing is set to: 1
SSW GPU-CPU DRIVER STARTED w/1 threads!
Mem (bytes) avail on device 0:16945512448
Mem (bytes) using on device 0:8.47276e+09
Total Alignments:18000000 | Max Reference Size:579 | Max Query Size:150
Total Execution Time: 30.3189 seconds
Work Stolen:     119495 == 1%
Number of GPU Threads: 1 host stealing is set to: 1
SSW GPU-CPU DRIVER STARTED w/1 threads!
Mem (bytes) avail on device 0:16945512448
Mem (bytes) using on device 0:8.47276e+09
Total Alignments:21000000 | Max Reference Size:579 | Max Query Size:150
Total Execution Time: 35.4915 seconds
Work Stolen:     138612 == 1%
Number of GPU Threads: 1 host stealing is set to: 1
SSW GPU-CPU DRIVER STARTED w/1 threads!
Mem (bytes) avail on device 0:16945512448
Mem (bytes) using on device 0:8.47276e+09
Total Alignments:24000000 | Max Reference Size:579 | Max Query Size:150
Total Execution Time: 40.4659 seconds
Work Stolen:     157391 == 1%
Number of GPU Threads: 1 host stealing is set to: 1
SSW GPU-CPU DRIVER STARTED w/1 threads!
Mem (bytes) avail on device 0:16945512448
Mem (bytes) using on device 0:8.47276e+09
Total Alignments:27000000 | Max Reference Size:579 | Max Query Size:150
Total Execution Time: 45.5952 seconds
Work Stolen:     177201 == 1%
Number of GPU Threads: 1 host stealing is set to: 1
SSW GPU-CPU DRIVER STARTED w/1 threads!
Mem (bytes) avail on device 0:16945512448
Mem (bytes) using on device 0:8.47276e+09
Total Alignments:30000000 | Max Reference Size:579 | Max Query Size:150
Total Execution Time: 51.1487 seconds
Work Stolen:     188625 == 1%
