Number of GPU Threads: 2 host stealing is set to: 1
SSW GPU-CPU DRIVER STARTED w/1 threads!
Mem (bytes) avail on device 0:16945512448
Mem (bytes) using on device 0:8.47276e+09
Total Alignments:8892748 | Max Reference Size:979 | Max Query Size:250
Total Execution Time: 30.5232 seconds
Work Stolen:     55743 == 1%
Number of GPU Threads: 2 host stealing is set to: 1
SSW GPU-CPU DRIVER STARTED w/2 threads!
Mem (bytes) avail on device 0:16945512448
Mem (bytes) using on device 0:8.47276e+09
Mem (bytes) avail on device 1:16945512448
Mem (bytes) using on device 1:8.47276e+09
Total Alignments:8892748 | Max Reference Size:979 | Max Query Size:250
Total Execution Time: 15.8788 seconds
Work Stolen:     53200 == 1%
Number of GPU Threads: 2 host stealing is set to: 1
SSW GPU-CPU DRIVER STARTED w/3 threads!
Mem (bytes) avail on device 0:16945512448
Mem (bytes) using on device 0:8.47276e+09
Mem (bytes) avail on device 1:16945512448
Mem (bytes) using on device 1:8.47276e+09
Total Alignments:8892748 | Max Reference Size:979 | Max Query Size:250
Total Execution Time: 15.7914 seconds
Work Stolen:     84995 == 1%
Number of GPU Threads: 2 host stealing is set to: 1
SSW GPU-CPU DRIVER STARTED w/4 threads!
Mem (bytes) avail on device 0:16945512448
Mem (bytes) using on device 0:8.47276e+09
Mem (bytes) avail on device 1:16945512448
Mem (bytes) using on device 1:8.47276e+09
Total Alignments:8892748 | Max Reference Size:979 | Max Query Size:250
Total Execution Time: 15.7762 seconds
Work Stolen:     112769 == 1%
Number of GPU Threads: 2 host stealing is set to: 1
SSW GPU-CPU DRIVER STARTED w/5 threads!
Mem (bytes) avail on device 0:16945512448
Mem (bytes) using on device 0:8.47276e+09
Mem (bytes) avail on device 1:16945512448
Mem (bytes) using on device 1:8.47276e+09
Total Alignments:8892748 | Max Reference Size:979 | Max Query Size:250
Total Execution Time: 15.6751 seconds
Work Stolen:     139811 == 2%
Number of GPU Threads: 2 host stealing is set to: 1
SSW GPU-CPU DRIVER STARTED w/6 threads!
Mem (bytes) avail on device 0:16945512448
Mem (bytes) using on device 0:8.47276e+09
Mem (bytes) avail on device 1:16945512448
Mem (bytes) using on device 1:8.47276e+09
Total Alignments:8892748 | Max Reference Size:979 | Max Query Size:250
Total Execution Time: 15.6882 seconds
Work Stolen:     172261 == 2%
Number of GPU Threads: 2 host stealing is set to: 1
SSW GPU-CPU DRIVER STARTED w/7 threads!
Mem (bytes) avail on device 0:16945512448
Mem (bytes) using on device 0:8.47276e+09
Mem (bytes) avail on device 1:16945512448
Mem (bytes) using on device 1:8.47276e+09
Total Alignments:8892748 | Max Reference Size:979 | Max Query Size:250
Total Execution Time: 15.5508 seconds
Work Stolen:     201547 == 2%
Number of GPU Threads: 2 host stealing is set to: 1
SSW GPU-CPU DRIVER STARTED w/8 threads!
Mem (bytes) avail on device 0:16945512448
Mem (bytes) using on device 0:8.47276e+09
Mem (bytes) avail on device 1:16945512448
Mem (bytes) using on device 1:8.47276e+09
Total Alignments:8892748 | Max Reference Size:979 | Max Query Size:250
Total Execution Time: 15.6206 seconds
Work Stolen:     229956 == 3%
Number of GPU Threads: 2 host stealing is set to: 1
SSW GPU-CPU DRIVER STARTED w/9 threads!
Mem (bytes) avail on device 0:16945512448
Mem (bytes) using on device 0:8.47276e+09
Mem (bytes) avail on device 1:16945512448
Mem (bytes) using on device 1:8.47276e+09
Total Alignments:8892748 | Max Reference Size:979 | Max Query Size:250
Total Execution Time: 15.5416 seconds
Work Stolen:     260294 == 3%
Number of GPU Threads: 2 host stealing is set to: 1
SSW GPU-CPU DRIVER STARTED w/10 threads!
Mem (bytes) avail on device 0:16945512448
Mem (bytes) using on device 0:8.47276e+09
Mem (bytes) avail on device 1:16945512448
Mem (bytes) using on device 1:8.47276e+09
Total Alignments:8892748 | Max Reference Size:979 | Max Query Size:250
Total Execution Time: 15.4792 seconds
Work Stolen:     287307 == 3%
Number of GPU Threads: 2 host stealing is set to: 1
SSW GPU-CPU DRIVER STARTED w/11 threads!
Mem (bytes) avail on device 0:16945512448
Mem (bytes) using on device 0:8.47276e+09
Mem (bytes) avail on device 1:16945512448
Mem (bytes) using on device 1:8.47276e+09
Total Alignments:8892748 | Max Reference Size:979 | Max Query Size:250
Total Execution Time: 15.5616 seconds
Work Stolen:     292749 == 3%
Number of GPU Threads: 2 host stealing is set to: 1
SSW GPU-CPU DRIVER STARTED w/12 threads!
Mem (bytes) avail on device 0:16945512448
Mem (bytes) using on device 0:8.47276e+09
Mem (bytes) avail on device 1:16945512448
Mem (bytes) using on device 1:8.47276e+09
Total Alignments:8892748 | Max Reference Size:979 | Max Query Size:250
Total Execution Time: 15.4765 seconds
Work Stolen:     289091 == 3%
Number of GPU Threads: 2 host stealing is set to: 1
SSW GPU-CPU DRIVER STARTED w/13 threads!
Mem (bytes) avail on device 0:16945512448
Mem (bytes) using on device 0:8.47276e+09
Mem (bytes) avail on device 1:16945512448
Mem (bytes) using on device 1:8.47276e+09
Warning Atomic Queue is Broken!
Number of GPU Threads: 2 host stealing is set to: 1
SSW GPU-CPU DRIVER STARTED w/14 threads!
Mem (bytes) avail on device 0:16945512448
Mem (bytes) using on device 0:8.47276e+09
Mem (bytes) avail on device 1:16945512448
Mem (bytes) using on device 1:8.47276e+09
Number of GPU Threads: 2 host stealing is set to: 1
SSW GPU-CPU DRIVER STARTED w/15 threads!
Number of GPU Threads: 2 host stealing is set to: 1
SSW GPU-CPU DRIVER STARTED w/16 threads!
Mem (bytes) avail on device 0:16945512448
Mem (bytes) using on device 0:8.47276e+09
Mem (bytes) avail on device 1:16945512448
Mem (bytes) using on device 1:8.47276e+09
Total Alignments:8892748 | Max Reference Size:979 | Max Query Size:250
Total Execution Time: 16.0485 seconds
Work Stolen:     307743 == 3%
Number of GPU Threads: 2 host stealing is set to: 1
SSW GPU-CPU DRIVER STARTED w/17 threads!
Number of GPU Threads: 2 host stealing is set to: 1
SSW GPU-CPU DRIVER STARTED w/18 threads!
Mem (bytes) avail on device 0:16945512448
Mem (bytes) using on device 0:8.47276e+09
Mem (bytes) avail on device 1:16945512448
Mem (bytes) using on device 1:8.47276e+09
Total Alignments:8892748 | Max Reference Size:979 | Max Query Size:250
Total Execution Time: 16.0154 seconds
Work Stolen:     319618 == 4%
Number of GPU Threads: 2 host stealing is set to: 1
SSW GPU-CPU DRIVER STARTED w/19 threads!
Mem (bytes) avail on device 0:16945512448
Mem (bytes) using on device 0:8.47276e+09
Mem (bytes) avail on device 1:16945512448
Mem (bytes) using on device 1:8.47276e+09
Warning Atomic Queue is Broken!
Number of GPU Threads: 2 host stealing is set to: 1
SSW GPU-CPU DRIVER STARTED w/20 threads!
Mem (bytes) avail on device 0:16945512448
Mem (bytes) using on device 0:Mem (bytes) avail on device 1:16945512448
Mem (bytes) using on device 1:8.47276e+09
8.47276e+09
Total Alignments:8892748 | Max Reference Size:979 | Max Query Size:250
Total Execution Time: 16.2265 seconds
Work Stolen:     324164 == 4%
